2018-03-25 17:39:45,422 [1] INFO TextReplacer.Logger - 6 file(s) with extension .txt were found.

2018-03-25 17:40:07,423 [1] INFO TextReplacer.Logger - 6 file(s) with extension .txt were found.

2018-03-25 17:40:17,280 [1] INFO TextReplacer.Logger - 6 file(s) with extension  were found.

2018-03-25 17:40:26,564 [1] INFO TextReplacer.Logger - 
2018-03-25 17:40:59,002 [1] INFO TextReplacer.Logger - 
2018-03-25 17:42:29,408 [1] INFO TextReplacer.Logger - 0 files with extension {1} were found.
2018-03-25 17:42:38,566 [1] INFO TextReplacer.Logger - 6 file(s) with extension .txt were found.

2018-03-25 17:43:07,954 [1] INFO TextReplacer.Logger - Operation Started.
2018-03-25 17:43:07,972 [1] INFO TextReplacer.Logger - Edited file [C:\test\New Text Document - Copy (2) - Copy.txt] | Old Value : [replaced] | New Value : [test] .
2018-03-25 17:43:07,978 [1] INFO TextReplacer.Logger - Edited file [C:\test\New Text Document - Copy (2).txt] | Old Value : [replaced] | New Value : [test] .
2018-03-25 17:43:07,983 [1] INFO TextReplacer.Logger - Edited file [C:\test\New Text Document - Copy (3).txt] | Old Value : [replaced] | New Value : [test] .
2018-03-25 17:43:07,988 [1] INFO TextReplacer.Logger - Edited file [C:\test\New Text Document - Copy - Copy.txt] | Old Value : [replaced] | New Value : [test] .
2018-03-25 17:43:07,993 [1] INFO TextReplacer.Logger - Edited file [C:\test\New Text Document - Copy.txt] | Old Value : [replaced] | New Value : [test] .
2018-03-25 17:43:07,998 [1] INFO TextReplacer.Logger - Edited file [C:\test\New Text Document.txt] | Old Value : [replaced] | New Value : [test] .
2018-03-25 17:43:08,002 [1] INFO TextReplacer.Logger - Operation Ended. 6 files where edited.
2018-03-25 17:53:47,871 [1] INFO TextReplacer.Logger - 6 file(s) with extension  were found.

2018-03-25 17:53:57,060 [1] INFO TextReplacer.Logger - 6 file(s) with extension .txt were found.

2018-03-25 17:58:00,688 [1] INFO TextReplacer.Logger - 0 files with extension .csv were found.
2018-03-25 17:58:06,971 [1] INFO TextReplacer.Logger - 0 files with extension .bat were found.
2018-03-25 17:58:10,177 [1] INFO TextReplacer.Logger - 6 file(s) with extension .txt were found.

2018-03-25 17:58:21,770 [1] INFO TextReplacer.Logger - Operation Started.
2018-03-25 17:58:21,773 [1] INFO TextReplacer.Logger - Operation Ended. 0 files where edited.
2018-03-25 17:58:21,774 [1] INFO TextReplacer.Logger - Operation Ended. 0 files where edited.
2018-03-25 17:58:21,777 [1] INFO TextReplacer.Logger - Operation Ended. 0 files where edited.
2018-03-25 17:58:21,780 [1] INFO TextReplacer.Logger - Operation Ended. 0 files where edited.
2018-03-25 17:58:21,782 [1] INFO TextReplacer.Logger - Operation Ended. 0 files where edited.
2018-03-25 17:58:21,786 [1] INFO TextReplacer.Logger - Operation Ended. 0 files where edited.
2018-03-25 17:59:50,156 [1] INFO TextReplacer.Logger - Operation Started.
2018-03-25 17:59:50,186 [1] INFO TextReplacer.Logger - Operation Ended. 0 files where edited.
2018-03-25 18:00:12,130 [1] INFO TextReplacer.Logger - Operation Started.
2018-03-25 18:00:12,135 [1] INFO TextReplacer.Logger - Open file [C:\test\New Text Document - Copy (2) - Copy.txt].
2018-03-25 18:00:12,137 [1] INFO TextReplacer.Logger - Replace [test], with [replaced].
2018-03-25 18:00:12,138 [1] INFO TextReplacer.Logger - Close File [C:\test\New Text Document - Copy (2) - Copy.txt].
2018-03-25 18:00:12,143 [1] INFO TextReplacer.Logger - Open file [C:\test\New Text Document - Copy (2).txt].
2018-03-25 18:00:12,145 [1] INFO TextReplacer.Logger - Replace [test], with [replaced].
2018-03-25 18:00:12,148 [1] INFO TextReplacer.Logger - Close File [C:\test\New Text Document - Copy (2).txt].
2018-03-25 18:00:12,153 [1] INFO TextReplacer.Logger - Open file [C:\test\New Text Document - Copy (3).txt].
2018-03-25 18:00:12,155 [1] INFO TextReplacer.Logger - Replace [test], with [replaced].
2018-03-25 18:00:12,158 [1] INFO TextReplacer.Logger - Close File [C:\test\New Text Document - Copy (3).txt].
2018-03-25 18:00:12,164 [1] INFO TextReplacer.Logger - Open file [C:\test\New Text Document - Copy - Copy.txt].
2018-03-25 18:00:12,167 [1] INFO TextReplacer.Logger - Replace [test], with [replaced].
2018-03-25 18:00:12,171 [1] INFO TextReplacer.Logger - Close File [C:\test\New Text Document - Copy - Copy.txt].
2018-03-25 18:00:12,178 [1] INFO TextReplacer.Logger - Open file [C:\test\New Text Document - Copy.txt].
2018-03-25 18:00:12,182 [1] INFO TextReplacer.Logger - Replace [test], with [replaced].
2018-03-25 18:00:12,187 [1] INFO TextReplacer.Logger - Close File [C:\test\New Text Document - Copy.txt].
2018-03-25 18:00:12,200 [1] INFO TextReplacer.Logger - Open file [C:\test\New Text Document.txt].
2018-03-25 18:00:12,208 [1] INFO TextReplacer.Logger - Replace [test], with [replaced].
2018-03-25 18:00:12,214 [1] INFO TextReplacer.Logger - Close File [C:\test\New Text Document.txt].
2018-03-25 18:00:12,220 [1] INFO TextReplacer.Logger - Operation Ended. 6 files where edited.
